<?xml version="1.0" encoding="utf-8"?><testsuites name="pytest tests"><testsuite name="pytest" errors="0" failures="1" skipped="17" tests="1801" time="160.380" timestamp="2026-08-30T17:47:17.337895+00:00" hostname="runnervmgx7h7"><testcase classname="tests.math.number_theory.test_modular_polynomial_values" name="test_identity_result_rejects_a_forged_residual" time="0.001" /><testcase classname="tests.math.number_theory.test_modular_polynomial_values" name="test_published_input_schema_rejects_non_canonical_coefficients" time="0.003" /><testcase classname="tests.math.number_theory.test_modular_polynomial_values" name="test_published_result_schema_matches_residue_image_output_scope" time="0.003" /><testcase classname="tests.math.number_theory.test_modular_polynomial_values" name="test_shared_normalized_term_type_retains_its_wider_envelope_elsewhere" time="0.001" /><testcase classname="tests.math.combinatorics.posets.antichain_enumeration.antichain_enumeration.test_antichain_enumeration" name="test_exponential_candidate_family_is_rejected_before_enumeration" time="0.009" /><testcase classname="tests.math.combinatorics.posets.antichain_enumeration.antichain_enumeration.test_antichain_enumeration" name="test_empty_set" time="0.002" /><testcase classname="tests.math.combinatorics.posets.antichain_enumeration.antichain_enumeration.test_antichain_enumeration" name="test_chain_antichains_size_1" time="0.001" /><testcase classname="tests.math.topology.finite.open_sets.test_finite_topology" name="test_topology_axioms_are_validated_at_the_value_boundary" time="0.001" /><testcase classname="tests.math.topology.finite.open_sets.test_finite_topology" name="test_beat_points_use_strict_t0_order_and_return_witnesses" time="0.001" /><testcase classname="tests.math.topology.finite.open_sets.test_finite_topology" name="test_continuity_returns_an_exact_counterexample" time="0.001" /><testcase classname="tests.math.topology.finite.open_sets.test_finite_topology" name="test_public_surface_keeps_closure_and_interior_native_only" time="0.001" /><testcase classname="tests.math.number_theory.arithmetic.test_integer_predicates" name="test_square_free_integer_predicate[6-True]" time="0.001" /><testcase classname="tests.math.number_theory.arithmetic.test_integer_predicates" name="test_square_free_integer_predicate[0-False]" time="0.001" /><testcase classname="tests.math.number_theory.arithmetic.test_integer_predicates" name="test_square_free_integer_predicate[49-False]" time="0.001" /><testcase classname="tests.math.number_theory.arithmetic.test_integer_predicates" name="test_square_free_integer_predicate[1-True]" time="0.001" /><testcase classname="tests.math.combinatorics.codes.linear.test_received_word_profile" name="test_encoder_rejects_ambiguous_or_invalid_presentations" time="0.001" /><testcase classname="tests.math.combinatorics.codes.linear.test_received_word_profile" name="test_profile_request_rejects_misalignment_and_mode_holes" time="0.001" /><testcase classname="tests.math.combinatorics.codes.linear.test_received_word_profile" name="test_row_equivalent_generators_have_the_same_profile" time="0.001" /><testcase classname="tests.math.combinatorics.codes.linear.test_received_word_profile" name="test_public_value_api_is_explicit" time="0.000" /><testcase classname="tests.math.combinatorics.codes.linear.test_received_word_profile" name="test_exact_threshold_modes_preserve_strict_boundary_semantics[DISTANCE-LE-COUNT-2-0]" time="0.001" /><testcase classname="tests.math.combinatorics.codes.linear.test_received_word_profile" name="test_small_binary_profiles_match_independent_set_enumeration" time="0.004" /><testcase classname="tests.math.number_theory.arithmetic_functions.test_result_height" name="test_ordinary_requests_remain_admitted[parsed_request3]" time="0.001" /><testcase classname="tests.math.number_theory.arithmetic_functions.test_result_height" name="test_ordinary_requests_remain_admitted[parsed_request0]" time="0.001" /><testcase classname="tests.math.matrices.test_rational_spectrum_claim" name="test_invalid_request_domain_is_rejected_before_backend[entries1-claims1-pairwise distinct]" time="0.001" /><testcase classname="tests.math.matrices.test_rational_spectrum_claim" name="test_native_api_accepts_canonical_matrix_and_claim_values" time="0.001" /><testcase classname="tests.math.matrices.test_rational_spectrum_claim" name="test_result_source_is_structural_without_an_implicit_verifier" time="0.001" /><testcase classname="tests.math.number_theory.numerical_semigroups.test_extended.TestMinimalPresentation" name="test_presentation_normalizes_redundant_permuted_generators" time="0.001" /><testcase classname="tests.math.number_theory.numerical_semigroups.test_extended.TestFactorizations" name="test_factorization_materialization_is_complete_past_old_silent_cap" time="0.049" /><testcase classname="tests.math.number_theory.numerical_semigroups.test_extended.TestElementElasticity" name="test_elasticity_36_in_4_6_9" time="0.001" /><testcase classname="tests.math.number_theory.numerical_semigroups.test_extended" name="test_result_rejects_empty_or_overlong_minimal_generator_axis[PresentationBinomialsResult-payload8-axis0]" time="0.001" /><testcase classname="tests.math.number_theory.numerical_semigroups.test_extended" name="test_result_rejects_empty_or_overlong_minimal_generator_axis[FactorizationLengthsComputeResult-payload1-axis1]" time="0.001" /><testcase classname="tests.math.number_theory.numerical_semigroups.test_extended" name="test_result_rejects_empty_or_overlong_minimal_generator_axis[FactorizationComputeResult-payload0-axis1]" time="0.001" /><testcase classname="tests.math.number_theory.numerical_semigroups.test_extended" name="test_result_rejects_empty_or_overlong_minimal_generator_axis[ElementDeltaSetResult-payload3-axis1]" time="0.001" /><testcase classname="tests.math.number_theory.numerical_semigroups.test_extended.TestFactorizationDistance" name="test_distance_normalizes_the_generator_presentation_not_coordinates" time="0.001" /><testcase classname="tests.math.number_theory.numerical_semigroups.test_extended.TestFactorizationDistance" name="test_distance_15_in_3_5" time="0.001" /><testcase classname="tests.math.number_theory.numerical_semigroups.test_extended.TestFactorizationDistance" name="test_distance_rejects_vectors_for_a_different_element" time="0.001" /><testcase classname="tests.math.number_theory.numerical_semigroups.test_extended.TestPresentationBinomials" name="test_binomials_accept_relations_on_the_normalized_axis" time="0.001" /><testcase classname="tests.math.number_theory.numerical_semigroups.test_extended.TestFactorizationLengths" name="test_lengths_single" time="0.001" /><testcase classname="tests.math.number_theory.numerical_semigroups.test_extended.TestGlobalElasticity" name="test_elasticity_2_3" time="0.001" /><testcase classname="tests.math.number_theory.periodic_prefix_count.test_periodic_prefix_count" name="test_cutoff_digit_bound_is_typed" time="0.003" /><testcase classname="tests.math.probability.multiple_testing.test_multiple_testing.TestBHStepUp" name="test_partial_rejection" time="0.001" /><testcase classname="tests.math.matrices.finite_fields.test_linear_algebra" name="test_large_native_prime_uses_exact_fallback" time="0.003" /><testcase classname="tests.math.matrices.finite_fields.test_linear_algebra" name="test_empty_shapes_remain_explicit" time="0.001" /><testcase classname="tests.math.graphs.test_graph_realization.TestRealizationCheck" name="test_complete_graph_matches" time="0.001" /><testcase classname="tests.math.graphs.test_graph_realization.TestRealizationCheck" name="test_contract_rejects_length_mismatch" time="0.001" /><testcase classname="tests.math.graphs.test_graph_realization.TestIsGraphical" name="test_impossible_degree_too_large" time="0.001" /><testcase classname="tests.math.graphs.test_graph_realization.TestIsGraphical" name="test_contract_rejects_negative_degree" time="0.001" /><testcase classname="tests.math.graphs.test_graph_realization.TestIsGraphical" name="test_star_is_graphical" time="0.001" /><testcase classname="tests.math.graphs.test_graph_realization.TestIsGraphical" name="test_two_vertices_disconnected" time="0.001" /><testcase classname="tests.math.graphs.test_graph_realization.TestGraphicalityCheck" name="test_degree_too_large_returns_certificate" time="0.001" /><testcase classname="tests.math.graphs.test_graph_realization.TestGraphRealization" name="test_non_graphical_returns_empty_edges" time="0.001" /><testcase classname="tests.math.polynomials.test_multivariate_polynomial.TestMultivariateResultant" name="test_resultant_both_constant_gives_empty_determinant_value" time="0.006" /><testcase classname="tests.math.polynomials.test_multivariate_polynomial.TestMultivariateResultant" name="test_resultant_rejects_variable_not_in_ring" time="0.001" /><testcase classname="tests.math.polynomials.test_multivariate_polynomial.TestMultivariateResultant" name="test_resultant_power_rule_over_constant_inputs" time="0.004" /><testcase classname="tests.math.polynomials.test_multivariate_polynomial.TestMultivariateResultant" name="test_resultant_rejects_univariate" time="0.001" /><testcase classname="tests.math.polynomials.test_multivariate_polynomial.TestMultivariateResultant" name="test_resultant_sign_matches_sylvester_orientation" time="0.003" /><testcase classname="tests.math.polynomials.test_multivariate_polynomial.TestMultivariateResultant" name="test_resultant_swap_law_with_degenerate_rows" time="0.007" /><testcase classname="tests.math.polynomials.test_multivariate_polynomial.TestMultivariateResultant" name="test_resultant_nonzero_constant_right_input" time="0.003" /><testcase classname="tests.math.polynomials.test_multivariate_polynomial.TestMultivariateSubresultantSequence" name="test_rejects_request_beyond_fixed_sylvester_fallback" time="0.001" /><testcase classname="tests.math.polynomials.test_multivariate_polynomial.TestMultivariateSubresultantSequence" name="test_records_reordering_sign_and_skipped_degree" time="0.007" /><testcase classname="tests.math.polynomials.test_multivariate_polynomial.TestMultivariateSubresultantSequence" name="test_identifies_fraction_field_gcd_and_its_unit" time="0.008" /><testcase classname="tests.math.polynomials.test_multivariate_polynomial.TestMultivariateSubresultantSequence" name="test_bounds_abnormal_pseudo_remainder_coefficient_growth" time="0.008" /><testcase classname="tests.math.polynomials.test_multivariate_polynomial.TestMultivariateSubresultantSequence" name="test_coherent_variable_renaming_and_reordering_preserves_result" time="0.005" /><testcase classname="tests.math.polynomials.test_multivariate_polynomial.TestMultivariateDivision" name="test_division_zero_dividend" time="0.001" /><testcase classname="tests.math.polynomials.test_multivariate_polynomial.TestMultivariateDivision" name="test_division_grevlex_order" time="0.002" /><testcase classname="tests.math.geometry.test_configuration_ops.TestGeneralPosition" name="test_triangle_only" time="0.001" /><testcase classname="tests.math.geometry.test_configuration_ops.TestAdmissionBounds" name="test_general_position_accepts_small_high_digit_config" time="0.001" /><testcase classname="tests.math.geometry.test_configuration_ops.TestAdmissionBounds" name="test_general_position_rejects_work_bound_violation" time="0.005" /><testcase classname="tests.math.geometry.test_configuration_ops.TestAdmissionBounds" name="test_general_position_rejects_quartic_point_growth" time="0.002" /><testcase classname="tests.math.geometry.test_configuration_ops.TestCircumradiusProfile" name="test_four_points" time="0.001" /><testcase classname="tests.math.graphs.test_graph6" name="test_graph6_decode_operation_rejects_malformed_payloads" time="0.002" /><testcase classname="tests.math.graphs.test_graph6" name="test_decode_graph6_agrees_with_networkx_for_small_orders" time="0.247" /><testcase classname="tests.math.topology.frames.test_frames" name="test_frame_operations_admit_shape_sensitive_vector_count" time="0.309" /><testcase classname="tests.math.topology.frames.test_frames" name="test_sparse_high_height_gram_is_admitted_by_occupancy" time="3.349" /><testcase classname="tests.math.topology.frames.test_frames" name="test_frame_requires_full_ambient_span" time="0.001" /><testcase classname="tests.math.topology.frames.test_frames" name="test_flint_rank_rejects_nonspanning_family_above_previous_boundary" time="0.003" /><testcase classname="tests.math.geometry.polytopes.test_support" name="test_extremality_budget_bounds_are_enforced_before_exact_conversion" time="0.008" /><testcase classname="tests.math.geometry.polytopes.test_support" name="test_request_preflights_missing_covector_before_hull_proof" time="0.001" /><testcase classname="tests.math.geometry.polytopes.test_support" name="test_support_request_rejects_over_envelope_vertex_coordinates" time="0.001" /><testcase classname="tests.math.geometry.polytopes.test_support" name="test_extremality_subfacet_bound_is_enforced_before_filtering" time="0.005" /><testcase classname="tests.math.geometry.polytopes.test_support" name="test_serialized_result_round_trips_at_the_envelope_boundary" time="0.002" /><testcase classname="tests.math.geometry.polytopes.test_support" name="test_native_support_rejects_over_envelope_components" time="0.001" /><testcase classname="tests.math.geometry.polytopes.test_support" name="test_positive_covector_scaling_preserves_face_and_scales_support" time="0.007" /><testcase classname="tests.math.geometry.polytopes.test_support" name="test_support_schema_publishes_common_space_requirement" time="0.002" /><testcase classname="tests.math.geometry.polytopes.test_support" name="test_result_preflights_broken_face_invariants_before_nested_parsing" time="0.004" /><testcase classname="tests.math.geometry.polytopes.test_support" name="test_result_preflights_surrogate_face_vertex_id_before_nested_parsing" time="0.004" /><testcase classname="tests.math.geometry.polytopes.test_support" name="test_result_preflights_missing_covector_before_nested_parsing" time="0.004" /><testcase classname="tests.math.finite_dim_algebras.test_finite_dim_algebras" name="test_structure_constants_reject_2d_shape" time="0.001" /><testcase classname="tests.math.finite_dim_algebras.test_finite_dim_algebras" name="test_center_of_matrix_algebra_is_scalars" time="0.001" /><testcase classname="tests.math.finite_dim_algebras.test_finite_dim_algebras" name="test_left_zero_algebra_has_trivial_center" time="0.001" /><testcase classname="tests.math.number_theory.test_powerful" name="test_rough_non_power_residual_is_an_exact_negative_branch" time="0.001" /><testcase classname="tests.math.number_theory.test_powerful" name="test_source_scale_positive_and_planted_exponent_one_failure" time="0.009" /><testcase classname="tests.math.number_theory.test_powerful" name="test_pairwise_gcd_exponents_do_not_fake_a_joint_perfect_power" time="0.001" /><testcase classname="tests.math.number_theory.test_powerful" name="test_powerful_known_answers[180-False]" time="0.001" /><testcase classname="tests.math.number_theory.test_powerful" name="test_cutoff_boundary[28629151-31]" time="0.001" /><testcase classname="tests.math.number_theory.test_powerful" name="test_one_is_vacuously_powerful_with_empty_reconstruction" time="0.001" /><testcase classname="tests.math.number_theory.prime_affine_forms.test_prime_affine_forms" name="test_translation_rejects_translated_tuple_exceeding_aggregate_digit_bound" time="0.019" /><testcase classname="tests.math.number_theory.prime_affine_forms.test_prime_affine_forms" name="test_translation_admits_a_65_digit_cancelling_shift" time="0.001" /><testcase classname="tests.math.number_theory.prime_affine_forms.test_prime_affine_forms" name="test_empty_prime_wheel_is_the_modulus_one_identity" time="0.001" /><testcase classname="tests.math.number_theory.prime_affine_forms.test_prime_affine_forms" name="test_request_boundaries_reject_before_expansion" time="0.569" /><testcase classname="tests.math.number_theory.prime_affine_forms.test_prime_affine_forms" name="test_local_admissibility_uses_complete_finite_cutoff" time="0.003" /><testcase classname="tests.math.number_theory.prime_affine_forms.test_prime_affine_forms" name="test_wheel_result_rejects_component_and_source_mutations" time="0.001" /><testcase classname="tests.math.number_theory.prime_affine_forms.test_prime_affine_forms" name="test_prime_sets_and_interval_relations_are_schema_visible" time="0.003" /><testcase classname="tests.math.number_theory.prime_affine_forms.test_prime_affine_forms" name="test_local_admissibility_supports_the_343_form_demand_scale" time="0.321" /><testcase classname="tests.math.number_theory.prime_affine_forms.test_prime_affine_forms" name="test_local_factor_result_round_trips_structurally" time="0.001" /><testcase classname="tests.math.number_theory.number_fields.test_embeddings" name="test_catalog_operation_projects_owner_local_admission_rejection" time="1.069" /><testcase classname="tests.math.number_theory.number_fields.test_embeddings" name="test_signature_one_one_cubic_is_complete" time="1.104" /><testcase classname="tests.math.number_theory.number_fields.test_embeddings" name="test_profiles_are_deterministic_across_backend_cache_refinement[coefficients1]" time="8.279" /><testcase classname="tests.math.number_theory.number_fields.test_embeddings" name="test_profiles_are_deterministic_across_backend_cache_refinement[coefficients0]" time="4.471" /><testcase classname="tests.math.number_theory.number_fields.test_embeddings" name="test_degree_coefficient_isolation_work_and_result_bounds_are_preflighted" time="2.208" /><testcase classname="tests.math.number_theory.number_fields.test_embeddings" name="test_rational_field_degree_one_is_the_cheapest_complete_profile" time="1.067" /><testcase classname="tests.math.number_theory.number_fields.test_embeddings" name="test_real_interval_is_bound_to_the_selected_real_root" time="1.040" /><testcase classname="tests.math.number_theory.number_fields.test_embeddings" name="test_embedding_identity_is_independent_of_valid_isolation_evidence" time="1.117" /><testcase classname="tests.math.matrices.test_matrix_analysis" name="test_inertia_request_rejects_dimensions_widened_by_the_canonical_value[98]" time="0.001" /><testcase classname="tests.math.matrices.test_matrix_analysis" name="test_inertia_request_rejects_dimensions_widened_by_the_canonical_value[79]" time="0.001" /><testcase classname="tests.math.matrices.test_matrix_analysis" name="test_inertia_request_rejects_dimensions_widened_by_the_canonical_value[119]" time="0.001" /><testcase classname="tests.math.matrices.test_matrix_analysis" name="test_inertia_request_rejects_dimensions_widened_by_the_canonical_value[57]" time="0.001" /><testcase classname="tests.math.matrices.test_matrix_analysis" name="test_inertia_request_rejects_dimensions_widened_by_the_canonical_value[84]" time="0.001" /><testcase classname="tests.math.matrices.test_matrix_analysis" name="test_inertia_request_rejects_dimensions_widened_by_the_canonical_value[94]" time="0.001" /><testcase classname="tests.math.matrices.test_matrix_analysis" name="test_inertia_request_rejects_dimensions_widened_by_the_canonical_value[117]" time="0.001" /><testcase classname="tests.math.matrices.test_matrix_analysis" name="test_inertia_request_rejects_dimensions_widened_by_the_canonical_value[116]" time="0.001" /><testcase classname="tests.math.matrices.test_matrix_analysis" name="test_inertia_request_rejects_dimensions_widened_by_the_canonical_value[70]" time="0.001" /><testcase classname="tests.math.matrices.test_matrix_analysis" name="test_inertia_request_rejects_dimensions_widened_by_the_canonical_value[80]" time="0.001" /><testcase classname="tests.math.matrices.test_matrix_analysis" name="test_inertia_request_rejects_dimensions_widened_by_the_canonical_value[113]" time="0.001" /><testcase classname="tests.math.matrices.test_matrix_analysis" name="test_inertia_request_rejects_dimensions_widened_by_the_canonical_value[122]" time="0.001" /><testcase classname="tests.math.matrices.test_matrix_analysis" name="test_inertia_request_rejects_dimensions_widened_by_the_canonical_value[102]" time="0.001" /><testcase classname="tests.math.matrices.test_matrix_analysis" name="test_inertia_request_rejects_dimensions_widened_by_the_canonical_value[62]" time="0.001" /><testcase classname="tests.math.matrices.test_matrix_analysis" name="test_inertia_request_rejects_dimensions_widened_by_the_canonical_value[72]" time="0.001" /><testcase classname="tests.math.matrices.test_matrix_analysis" name="test_inertia_request_rejects_dimensions_widened_by_the_canonical_value[121]" time="0.001" /><testcase classname="tests.math.matrices.test_matrix_analysis" name="test_inertia_request_rejects_dimensions_widened_by_the_canonical_value[92]" time="0.001" /><testcase classname="tests.math.matrices.test_matrix_analysis.TestFarkas" name="test_native_api_accepts_canonical_certificate_fields" time="0.001" /><testcase classname="tests.math.number_theory.modular_forms.test_level_one_q_expansions" name="test_e4_and_e6_known_normalized_prefixes" time="0.001" /><testcase classname="tests.math.number_theory.modular_forms.test_level_one_q_expansions" name="test_every_closed_family_member_is_admitted_at_order_one[E6]" time="0.001" /><testcase classname="tests.math.number_theory.modular_forms.test_level_one_q_expansions" name="test_native_admission_rejects_boolean_truncation_orders" time="0.001" /><testcase classname="tests.math.number_theory.modular_forms.test_level_one_q_expansions" name="test_every_closed_family_member_is_admitted_at_order_one[E4]" time="0.001" /><testcase classname="tests.math.number_theory.modular_forms.test_level_one_q_expansions" name="test_native_admission_rejects_unknown_forms_before_any_scan[e4]" time="0.001" /><testcase classname="tests.math.number_theory.modular_forms.test_level_one_q_expansions" name="test_delta_known_prefix_and_defining_e4_e6_identity" time="0.003" /><testcase classname="tests.math.combinatorics.finite_structures.hypergraph_coloring.test_nonmonochromatic_coloring" name="test_q1_singleton_edge_not_colorable" time="0.001" /><testcase classname="tests.math.combinatorics.additive.test_subset_sum_target" name="test_target_kernel_known_answers[items4-0-False-None]" time="0.001" /><testcase classname="tests.math.combinatorics.additive.test_subset_sum_target" name="test_result_bounds_raw_witness_and_sum" time="0.001" /><testcase classname="tests.math.combinatorics.additive.test_subset_sum_target" name="test_schema_publishes_enforced_target_and_source_bounds" time="0.002" /><testcase classname="tests.math.combinatorics.additive.test_subset_sum_target" name="test_target_kernel_known_answers[items5-0-True-expected5]" time="0.001" /><testcase classname="tests.math.combinatorics.additive.test_subset_sum_target" name="test_published_item_pattern_matches_the_enforced_digit_boundary" time="0.001" /><testcase classname="tests.math.combinatorics.additive.test_subset_sum_target" name="test_out_of_range_targets_resolve_before_state_expansion" time="0.002" /><testcase classname="tests.math.combinatorics.additive.test_subset_sum_target" name="test_request_and_result_compose_through_strict_json_parsing" time="0.001" /><testcase classname="tests.math.combinatorics.additive.test_subset_sum_target" name="test_operation_reports_attained_and_not_attained" time="0.001" /><testcase classname="tests.math.geometry.test_box_unions" name="test_duplicate_boxes_replay_by_source_index" time="0.001" /><testcase classname="tests.math.geometry.test_box_unions" name="test_returned_intersections_compose_unchanged_as_box_inputs" time="0.004" /><testcase classname="tests.math.geometry.test_box_unions" name="test_high_dimension_single_box_is_admitted_by_scaled_budgets" time="0.002" /><testcase classname="tests.math.geometry.test_box_unions" name="test_three_box_inclusion_exclusion_fixture" time="0.002" /><testcase classname="tests.math.geometry.test_box_unions" name="test_single_box_with_257_digit_endpoint_is_admitted_with_exact_volume" time="0.001" /><testcase classname="tests.math.geometry.test_box_unions" name="test_math_tool_projects_the_parsed_request_to_the_native_box_family" time="0.006" /><testcase classname="tests.math.geometry.test_box_unions" name="test_rejects_nonempty_candidate_limit" time="0.001" /><testcase classname="tests.math.geometry.test_box_unions" name="test_empty_boxes_are_pruned_without_losing_source_indices" time="0.001" /><testcase classname="tests.math.geometry.test_box_unions" name="test_native_namespace_exposes_box_values_not_wire_requests" time="0.000" /><testcase classname="tests.math.geometry.test_box_unions" name="test_one_nonempty_box_with_empties_beyond_fixed_cap_is_admitted" time="0.001" /><testcase classname="tests.math.graphs.edge_coloring_arrowing.test_edge_coloring_arrowing" name="test_rejects_empty_target_and_unbounded_search" time="0.001" /><testcase classname="tests.math.graphs.edge_coloring_arrowing.test_edge_coloring_arrowing" name="test_result_preserves_inputs" time="1.551" /><testcase classname="tests.math.graphs.edge_coloring_arrowing.test_edge_coloring_arrowing" name="test_sparse_large_host_uses_derived_work_bound" time="2.120" /><testcase classname="tests.math.number_theory.r_full_enumeration.r_full_enumeration.test_r_full_enumeration" name="test_sieve_allocation_is_bounded_before_construction" time="0.001" /><testcase classname="tests.math.number_theory.r_full_enumeration.r_full_enumeration.test_r_full_enumeration" name="test_empty" time="0.001" /><testcase classname="tests.math.number_theory.r_full_enumeration.r_full_enumeration.test_r_full_enumeration" name="test_huge_exponent_is_bounded_without_constructing_the_power" time="0.001" /><testcase classname="tests.math.logic.games.impartial.test_nim_outcome.TestNimSum" name="test_xor_identity" time="0.001" /><testcase classname="tests.math.logic.games.impartial.test_nim_outcome.TestNimSum" name="test_1_2_3_4_5" time="0.001" /><testcase classname="tests.math.logic.games.impartial.test_nim_outcome.TestNimSum" name="test_heaps_preserved" time="0.001" /><testcase classname="tests.math.polynomials.test_provider_conversions" name="test_sympy_conversion_rejects_non_qq_or_reordered_generators" time="0.001" /><testcase classname="tests.math.coalgebras.test_coalgebras.TestGroupLikeElements" name="test_scaled_group_like" time="0.001" /><testcase classname="tests.math.coalgebras.test_coalgebras.TestGroupLikeElements" name="test_within_scan_work_budget_admitted" time="0.032" /><testcase classname="tests.math.coalgebras.test_coalgebras.TestDerivedDimensionAdmission" name="test_nine_dim_gf2_direct_sum_admitted" time="0.052" /><testcase classname="tests.math.coalgebras.test_coalgebras.TestSourceBoundResults" name="test_results_revalidate_round_trip" time="0.001" /><testcase classname="tests.math.coalgebras.test_coalgebras.TestSourceBoundResults" name="test_forged_comultiplication_coefficients_remain_structurally_parseable" time="0.000" /><testcase classname="tests.math.coalgebras.test_coalgebras.TestCounit" name="test_counit_second_group_like" time="0.001" /><testcase classname="tests.math.coalgebras.test_coalgebras.TestScanWorkBoundary" name="test_largest_admitted_gf2_boundary_completes_quickly" time="0.070" /><testcase classname="tests.math.coalgebras.test_coalgebras.TestScanWorkBoundary" name="test_first_rejected_boundary_names_the_budget" time="0.057" /><testcase classname="tests.math.finite_fields.test_tools" name="test_oversized_axis_rejects_during_request_parsing" time="0.001" /><testcase classname="tests.math.finite_fields.test_tools" name="test_direction_rank_ledger_refuses_excessive_aggregate_work" time="0.054" /><testcase classname="tests.math.geometry.projective.coordinates.test_projective_coords" name="test_rational_point_construct" time="0.001" /><testcase classname="tests.math.geometry.projective.coordinates.test_projective_coords" name="test_rational_point_construct_rejects_all_zero_coordinates" time="0.001" /><testcase classname="tests.math.graphs.test_graph_transforms" name="test_induced_subgraph_empty_vertex_set" time="0.001" /><testcase classname="tests.math.graphs.test_graph_transforms" name="test_contract_rejects_self_loop" time="0.001" /><testcase classname="tests.math.graphs.test_graph_transforms" name="test_complement_of_path_3" time="0.001" /><testcase classname="tests.math.graphs.test_graph_transforms" name="test_result_edge_allows_endpoint_up_to_input_edge_bound" time="0.001" /><testcase classname="tests.math.geometry.algebraic_curves.test_plane_algebraic_curves" name="test_operation_rejects_mismatched_or_reordered_point_axis[variables0]" time="0.001" /><testcase classname="tests.math.geometry.algebraic_curves.test_plane_algebraic_curves" name="test_constant_polynomial_is_not_a_valid_curve[0]" time="0.001" /><testcase classname="tests.math.geometry.algebraic_curves.test_plane_algebraic_curves" name="test_parametrization_satisfies_substitution_and_inverse_identities[source3-point3]" time="0.164" /><testcase classname="tests.math.geometry.algebraic_curves.test_plane_algebraic_curves" name="test_constant_polynomial_is_not_a_valid_curve[5]" time="0.001" /><testcase classname="tests.math.geometry.algebraic_curves.test_plane_algebraic_curves" name="test_chart_requires_three_variables_and_a_homogeneous_polynomial" time="0.001" /><testcase classname="tests.math.geometry.algebraic_curves.test_plane_algebraic_curves" name="test_exact_preflight_admits_rational_point_on_hyperbola" time="0.034" /><testcase classname="tests.math.geometry.algebraic_curves.test_plane_algebraic_curves" name="test_parametrization_schema_guides_cross_field_contract" time="0.019" /><testcase classname="tests.math.geometry.algebraic_curves.test_plane_algebraic_curves" name="test_hyperbola_denominator_locus_is_not_inferred_from_one_coordinate" time="0.016" /><testcase classname="tests.math.geometry.algebraic_curves.test_plane_algebraic_curves" name="test_projective_closure_circle_is_canonical_polynomial" time="0.002" /><testcase classname="tests.math.graphs.induced_edge_count.test_induced_edge_count" name="test_histogram_aggregation" time="0.001" /><testcase classname="tests.math.graphs.induced_edge_count.test_induced_edge_count" name="test_result_preserves_source" time="0.001" /><testcase classname="tests.math.graphs.induced_edge_count.test_induced_edge_count" name="test_exhaustive_comparison" time="0.001" /><testcase classname="tests.math.number_theory.galois.test_galois_theory" name="test_zero_and_noncanonical_degree_are_rejected_before_sympy" time="0.001" /><testcase classname="tests.math.number_theory.galois.test_galois_theory" name="test_unsolvable_quintic_uses_actual_group" time="0.021" /><testcase classname="tests.math.polynomials.test_restored_evaluations" name="test_rational_polynomial_evaluation_rejects_oversized_exact_result" time="0.094" /><testcase classname="tests.math.combinatorics.additive.test_ordered_difference.TestOrderedDifferenceProfile" name="test_one_dimensional" time="0.001" /><testcase classname="tests.math.combinatorics.additive.test_ordered_difference.TestOrderedDifferenceProfile" name="test_request_coordinate_bound_enforced_before_integer_conversion" time="0.001" /><testcase classname="tests.math.combinatorics.additive.test_ordered_difference.TestOrderedDifferenceProfile" name="test_result_replays_every_difference_from_source" time="0.001" /><testcase classname="tests.math.combinatorics.additive.test_ordered_difference.TestOrderedDifferenceProfile" name="test_result_retains_canonical_source" time="0.001" /><testcase classname="tests.math.graphs.test_graph_isomorphism.TestPathGraphs" name="test_path_graphs_isomorphic" time="0.202" /><testcase classname="tests.math.graphs.test_graph_isomorphism.TestCycleGraphs" name="test_cycle_not_isomorphic_to_path" time="0.202" /><testcase classname="tests.math.graphs.test_graph_isomorphism.TestDirectedGraphs" name="test_directed_path_not_isomorphic_to_reverse" time="0.202" /><testcase classname="tests.math.lattices.test_lattice_operations" name="test_direct_sum_block_diagonal" time="0.001" /><testcase classname="tests.math.lattices.test_lattice_operations" name="test_sublattice_index_quadratic" time="0.002" /><testcase classname="tests.math.lattices.test_lattice_operations" name="test_saturation_of_diagonal_line_is_its_primitive_line" time="0.002" /><testcase classname="tests.math.lattices.test_lattice_operations" name="test_lattice_reduction_rejects_order_above_32_before_backend" time="0.002" /><testcase classname="tests.math.lattices.test_lattice_operations" name="test_rank_gram_rank_deficient_reports_rational_covolume" time="0.001" /><testcase classname="tests.math.lattices.test_lattice_operations" name="test_hermite_request_rejects_order_33_identity" time="0.002" /><testcase classname="tests.math.lattices.test_lattice_operations" name="test_rank_gram_of_scaled_lattice" time="0.001" /><testcase classname="tests.math.lattices.test_lattice_operations" name="test_discriminant_group_of_2z_squared" time="0.001" /><testcase classname="tests.math.lattices.test_lattice_operations" name="test_hermite_accepts_order_32_identity" time="0.008" /><testcase classname="tests.math.lattices.test_lattice_operations" name="test_dual_of_unimodular_is_itself" time="0.001" /><testcase classname="tests.math.polynomials.test_gcd_zero_operand" name="test_bezout_right_zero" time="0.001" /><testcase classname="tests.math.graphs.test_graph_flow.TestMinCut" name="test_disconnected_graph_min_cut_is_zero" time="0.002" /><testcase classname="tests.math.graphs.test_graph_flow.TestEdgeDisjointPaths" name="test_paths_are_edge_disjoint" time="0.001" /><testcase classname="tests.math.graphs.test_graph_flow.TestEdgeDisjointPaths" name="test_contract_rejects_out_of_range_vertex_in_edge" time="0.001" /><testcase classname="tests.math.graphs.test_graph_flow.TestEdgeDisjointPaths" name="test_direct_edge_has_one_path" time="0.001" /><testcase classname="tests.math.graphs.test_graph_flow.TestMaxFlow" name="test_flow_decomposition_satisfies_capacity_constraint" time="0.002" /><testcase classname="tests.math.graphs.test_graph_flow.TestMaxFlow" name="test_flow_decomposition_returns_per_edge_flow" time="0.001" /><testcase classname="tests.math.graphs.test_graph_flow.TestMaxFlow" name="test_flow_value_matches_sum_of_outgoing_source_flows" time="0.001" /><testcase classname="tests.math.geometry.arrangements.test_hyperplane_arrangements" name="test_formula_request_rejects_index_above_schema_envelope" time="0.001" /><testcase classname="tests.math.geometry.arrangements.test_hyperplane_arrangements" name="test_chamber_count_uses_complementary_power_near_the_full_prefix" time="0.001" /><testcase classname="tests.math.geometry.arrangements.test_hyperplane_arrangements" name="test_characteristic_rejects_coefficient_work_before_construction" time="0.001" /><testcase classname="tests.math.geometry.arrangements.test_hyperplane_arrangements" name="test_characteristic_coefficients_match_direct_formula" time="0.001" /><testcase classname="tests.math.geometry.arrangements.test_hyperplane_arrangements" name="test_rational_hyperplane_accepts_negative_rationals" time="0.001" /><testcase classname="tests.math.geometry.arrangements.test_hyperplane_arrangements" name="test_scalar_chamber_count_has_an_independent_envelope" time="0.001" /><testcase classname="tests.math.geometry.arrangements.test_hyperplane_arrangements" name="test_chamber_count_generic" time="0.001" /><testcase classname="tests.math.geometry.arrangements.test_hyperplane_arrangements" name="test_arrangement_noncentral" time="0.001" /><testcase classname="tests.math.geometry.arrangements.test_hyperplane_arrangements" name="test_chamber_count_closed_form_converts_within_quadratic_work" time="0.001" /><testcase classname="tests.math.geometry.arrangements.test_hyperplane_arrangements" name="test_characteristic_rejects_oversized_coefficient_formatting" time="0.001" /><testcase classname="tests.math.geometry.arrangements.test_hyperplane_arrangements" name="test_rational_hyperplane_rejects_all_zero_coefficients" time="0.001" /><testcase classname="tests.math.geometry.arrangements.test_hyperplane_arrangements" name="test_characteristic_polynomial_n2_m2" time="0.001" /><testcase classname="tests.math.combinatorics.test_counting_models" name="test_sparse_large_counts_are_admitted[binomial-2-499999999999500000000000]" time="0.102" /><testcase classname="tests.math.combinatorics.test_counting_models" name="test_medium_counts_retain_defining_identities" time="0.203" /><testcase classname="tests.math.combinatorics.test_counting_models" name="test_sparse_large_counts_are_admitted[binomial-0-1]" time="0.102" /><testcase classname="tests.math.number_theory.arithmetic.test_public_api" name="test_integerize_and_normalize_exact_rational_vectors" time="0.001" /><testcase classname="tests.math.number_theory.arithmetic.test_public_api" name="test_absolute_value_and_sign_preserve_integer_invariants" time="0.392" /><testcase classname="tests.math.combinatorics.additive.gowers_cube_profile.gowers_cube_profile.test_gowers_cube_profile" name="test_coupled_cube_work_is_rejected_before_enumeration" time="0.001" /><testcase classname="tests.math.geometry.polygon_kernel.test_tools" name="test_fractional_polygon_round_trips_structurally" time="0.011" /><testcase classname="tests.math.geometry.polygon_kernel.test_tools" name="test_all_kernel_dimensions_are_distinct_and_complete[POLYGON-points3-expected_boundary3]" time="0.009" /><testcase classname="tests.math.geometry.polygon_kernel.test_tools" name="test_all_kernel_dimensions_are_distinct_and_complete[SEGMENT-points2-expected_boundary2]" time="0.012" /><testcase classname="tests.math.geometry.polygon_kernel.test_tools" name="test_pairwise_kernel_matches_independent_sequential_clipping_oracle[points0]" time="0.013" /><testcase classname="tests.math.geometry.polygon_kernel.test_tools" name="test_feasibility_admission_flips_at_the_derived_work_boundary" time="0.429" /><testcase classname="tests.math.geometry.polygon_kernel.test_tools" name="test_pairwise_kernel_matches_independent_sequential_clipping_oracle[points2]" time="0.009" /><testcase classname="tests.math.geometry.polygon_kernel.test_tools" name="test_rejects_immediately_above_structural_boundaries" time="0.002" /><testcase classname="tests.math.geometry.polygon_kernel.test_tools" name="test_all_kernel_dimensions_are_distinct_and_complete[EMPTY-points0-expected_boundary0]" time="0.009" /><testcase classname="tests.math.graphs.boolean_lattice_intersection.test_boolean_lattice_intersection" name="test_threshold_above_ground_set_is_defined" time="0.001" /><testcase classname="tests.math.graphs.boolean_lattice_intersection.test_boolean_lattice_intersection" name="test_n1" time="0.001" /><testcase classname="tests.math.graphs.boolean_lattice_intersection.test_boolean_lattice_intersection" name="test_eq_threshold_r0" time="0.001" /><testcase classname="tests.math.graphs.boolean_lattice_intersection.test_boolean_lattice_intersection" name="test_native_rejects_negative_ground_set_size" time="0.001" /><testcase classname="tests.math.logic.languages.context_free.test_context_free_languages" name="test_dependency_graph" time="0.001" /><testcase classname="tests.math.logic.languages.context_free.test_context_free_languages" name="test_symbol_profiles_nullable_simple" time="0.001" /><testcase classname="tests.math.logic.languages.context_free.test_context_free_languages" name="test_grammar_rejects_undeclared_body_symbol" time="0.001" /><testcase classname="tests.math.logic.languages.context_free.test_context_free_languages" name="test_first_sets_nullable_prefix_two_symbol" time="0.001" /><testcase classname="tests.math.combinatorics.matroids.delta.test_public_api" name="test_public_api_is_small_and_canonical" time="0.001" /><testcase classname="tests.math.topology.edge_paths.test_algebraic_topology" name="test_parallel_edges_and_loops_have_explicit_identity_and_orientation" time="0.001" /><testcase classname="tests.math.logic.term_rewriting.test_term_rewriting.TestRewriteStep" name="test_selected_step_applies_only_declared_choice" time="0.001" /><testcase classname="tests.math.logic.term_rewriting.test_term_rewriting.TestValidation" name="test_lhs_must_be_function" time="0.001" /><testcase classname="tests.math.logic.term_rewriting.test_term_rewriting.TestCriticalPairs" name="test_stale_binding_sizes_neither_admit_nor_materialize_the_chain" time="0.031" /><testcase classname="tests.math.logic.term_rewriting.test_term_rewriting.TestCriticalPairs" name="test_deep_unary_source_rejects_by_candidates_without_path_expansion" time="0.342" /><testcase classname="tests.math.logic.term_rewriting.test_term_rewriting.TestCriticalPairs" name="test_refreshed_binding_sizes_charge_the_repeated_equation_exactly" time="0.057" /><testcase classname="tests.math.logic.term_rewriting.test_term_rewriting.TestCriticalPairs" name="test_large_retained_rules_admit_within_the_shared_envelope" time="0.015" /><testcase classname="tests.math.logic.term_rewriting.test_term_rewriting.TestCriticalPairs" name="test_deep_chained_binding_growth_is_preflight_bounded" time="0.010" /><testcase classname="tests.math.logic.term_rewriting.test_term_rewriting.TestCriticalPairs" name="test_boundary_composed_reduct_admits_and_transports" time="0.011" /><testcase classname="tests.math.logic.term_rewriting.test_term_rewriting.TestCriticalPairs" name="test_budgeted_unification_charges_exactly_the_materialized_sizes" time="0.005" /><testcase classname="tests.math.logic.term_rewriting.test_term_rewriting.TestCriticalPairs" name="test_nonunifiable_overlap_produces_no_pair" time="0.001" /><testcase classname="tests.math.logic.term_rewriting.test_term_rewriting.TestCriticalPairs" name="test_repeated_bound_variable_expansion_is_charged_before_materialization" time="0.029" /><testcase classname="tests.math.logic.term_rewriting.test_term_rewriting.TestCriticalPairs" name="test_exact_candidate_boundary_has_bounded_complete_output" time="0.007" /><testcase classname="tests.math.logic.term_rewriting.test_term_rewriting.TestMatching" name="test_match_function" time="0.001" /><testcase classname="tests.math.logic.term_rewriting.test_term_rewriting.TestMatching" name="test_match_arity_mismatch" time="0.000" /><testcase classname="tests.math.logic.term_rewriting.test_term_rewriting.TestUnification" name="test_unify_occurs_check" time="0.000" /><testcase classname="tests.math.logic.term_rewriting.test_term_rewriting" name="test_catalog_contains_only_audited_agent_outcomes" time="0.000" /><testcase classname="tests.math.logic.term_rewriting.test_term_rewriting.TestSubstitution" name="test_substitute_variable" time="0.000" /><testcase classname="tests.math.logic.term_rewriting.test_term_rewriting.TestSubstitution" name="test_substitute_in_children" time="0.000" /><testcase classname="tests.math.logic.term_rewriting.test_term_rewriting.TestDeepTermTraversal" name="test_composed_substitution_depth_is_transport_bounded" time="0.001" /><testcase classname="tests.math.logic.term_rewriting.test_term_rewriting.TestDeepTermTraversal" name="test_boundary_spliced_rewrite_step_admits_and_transports" time="0.001" /><testcase classname="tests.math.logic.term_rewriting.test_term_rewriting.TestDeepTermTraversal" name="test_boundary_composed_mgu_admits_and_transports" time="0.002" /><testcase classname="tests.math.logic.term_rewriting.test_term_rewriting.TestDeepTermTraversal" name="test_composed_mgu_binding_depth_is_transport_bounded" time="0.003" /><testcase classname="tests.math.logic.term_rewriting.test_term_rewriting.TestNormalForm" name="test_normal_form_reached_exactly_at_step_limit" time="0.001" /><testcase classname="tests.math.geometry.exact.pinned_distance.test_pinned_distance" name="test_collinear_points" time="0.002" /><testcase classname="tests.math.geometry.exact.pinned_distance.test_pinned_distance" name="test_replay_squared_distance" time="0.001" /><testcase classname="tests.math.geometry.exact.pinned_distance.test_pinned_distance" name="test_unit_square" time="0.001" /><testcase classname="tests.math.graphs.transforms.test_path_profile" name="test_path_length_1" time="0.001" /><testcase classname="tests.math.polynomials.series.test_result_height" name="test_multiplication_result_rejects_structural_context_mismatch" time="0.001" /><testcase classname="tests.math.polynomials.series.test_result_height" name="test_all_zero_multiply_results_remain_representable_at_the_envelope_order" time="0.012" /><testcase classname="tests.math.combinatorics.matroids.oriented.test_chirotope.TestChirotopeCheck" name="test_ringel_fixture_replays_all_cited_b2_instances" time="0.659" /><testcase classname="tests.math.number_theory.divisibility_poset.test_divisibility_poset" name="test_source_set_in_result_is_canonical" time="0.002" /><testcase classname="tests.math.number_theory.divisibility_poset.test_divisibility_poset" name="test_antichain_coprime_pair" time="0.001" /><testcase classname="tests.math.probability.test_models" name="test_large_probability_reports_the_contract_digit_bound[numerator]" time="0.002" /><testcase classname="tests.math.geometry.test_euclidean_triangulation.TestEuclideanTriangulation" name="test_ring_past_the_former_ceiling_round_trips_through_model_validate" time="0.560" /><testcase classname="tests.math.geometry.test_euclidean_triangulation.TestEuclideanTriangulation" name="test_unresolved_result_rejects_a_span_outside_the_polygon" time="0.002" /><testcase classname="tests.math.geometry.test_euclidean_triangulation.TestEuclideanTriangulation" name="test_unresolved_result_round_trips_through_model_validate" time="0.002" /><testcase classname="tests.math.geometry.test_euclidean_triangulation.TestEuclideanTriangulation" name="test_request_rejects_a_ring_beyond_the_derived_vertex_ceiling" time="0.002" /><testcase classname="tests.math.geometry.test_euclidean_triangulation.TestEuclideanTriangulation" name="test_request_admits_a_ring_past_the_former_fixed_vertex_ceiling" time="0.264" /><testcase classname="tests.math.geometry.test_euclidean_triangulation.TestEuclideanTriangulation" name="test_unit_square_returns_one_exact_diagonal_expression" time="0.001" /><testcase classname="tests.math.number_theory.quadratic_forms.binary.test_integral_binary_quadratic_forms.TestEvaluate" name="test_evaluate_admits_the_largest_transportable_square" time="0.001" /><testcase classname="tests.math.number_theory.quadratic_forms.binary.test_integral_binary_quadratic_forms.TestEvaluate" name="test_evaluate_at_2_3" time="0.001" /><testcase classname="tests.math.number_theory.quadratic_forms.binary.test_integral_binary_quadratic_forms.TestEvaluate" name="test_evaluate_at_1_0" time="0.000" /><testcase classname="tests.math.number_theory.quadratic_forms.binary.test_integral_binary_quadratic_forms.TestCheck" name="test_invalid_discriminant_congruence" time="0.001" /><testcase classname="tests.math.number_theory.quadratic_forms.binary.test_integral_binary_quadratic_forms.TestCheck" name="test_nonnegative_discriminant" time="0.001" /><testcase classname="tests.math.number_theory.quadratic_forms.binary.test_integral_binary_quadratic_forms.TestCheck" name="test_primitive_positive_definite" time="0.001" /><testcase classname="tests.math.number_theory.quadratic_forms.binary.test_integral_binary_quadratic_forms.TestCheck" name="test_imprimitive" time="0.001" /><testcase classname="tests.math.number_theory.quadratic_forms.binary.test_integral_binary_quadratic_forms.TestCanonicalFormComposition" name="test_kernel_results_compose_as_canonical_values" time="0.001" /><testcase classname="tests.math.number_theory.quadratic_forms.binary.test_integral_binary_quadratic_forms.TestRepresentations" name="test_zero_has_the_single_nonprimitive_origin" time="0.001" /><testcase classname="tests.math.number_theory.quadratic_forms.binary.test_integral_binary_quadratic_forms.TestRepresentations" name="test_mod_four_obstruction_skips_an_inapplicable_general_scan" time="0.001" /><testcase classname="tests.math.number_theory.quadratic_forms.binary.test_integral_binary_quadratic_forms.TestRepresentations" name="test_x_squared_plus_y_squared_of_five_has_eight_ordered_signed_pairs" time="0.001" /><testcase classname="tests.math.number_theory.quadratic_forms.binary.test_integral_binary_quadratic_forms.TestRepresentations" name="test_schema_exposes_the_modular_empty_admission_exception" time="0.001" /><testcase classname="tests.math.number_theory.quadratic_forms.binary.test_integral_binary_quadratic_forms.TestReducedClasses" name="test_all_classes_reduced" time="0.001" /><testcase classname="tests.math.number_theory.quadratic_forms.binary.test_integral_binary_quadratic_forms.TestReducedClasses" name="test_example_states_the_scan_envelope_precondition" time="0.000" /><testcase classname="tests.math.number_theory.quadratic_forms.binary.test_integral_binary_quadratic_forms.TestReducedClasses" name="test_exact_reduced_class_search_boundary_is_complete" time="0.002" /><testcase classname="tests.math.analysis.boolean.fourier.test_boolean_analysis" name="test_erasure_noise_p_one_is_mean" time="0.001" /><testcase classname="tests.math.analysis.boolean.fourier.test_boolean_analysis" name="test_multilinear_extension_constant_zero" time="0.003" /><testcase classname="tests.math.analysis.boolean.fourier.test_boolean_analysis" name="test_multilinear_extension_and_function" time="0.002" /><testcase classname="tests.math.analysis.boolean.fourier.test_boolean_analysis" name="test_multilinear_extension_identity" time="0.001" /><testcase classname="tests.math.analysis.boolean.fourier.test_boolean_analysis" name="test_fourier_spectrum_rejects_non_power_of_two" time="0.001" /><testcase classname="tests.math.analysis.boolean.fourier.test_boolean_analysis" name="test_erasure_noise_rejects_negative_probability" time="0.001" /><testcase classname="tests.math.analysis.boolean.fourier.test_boolean_analysis" name="test_fourier_spectrum_and_function" time="0.001" /><testcase classname="tests.math.analysis.boolean.fourier.test_boolean_analysis" name="test_truth_table_rejects_non_power_of_two" time="0.001" /><testcase classname="tests.math.geometry.algebraic_curves.test_projective_singularity_profile" name="test_smooth_curve_retains_the_saturated_unit_ideal[source0]" time="0.000"><skipped type="pytest.skip" message="the exact projective singular-locus backend is unavailable">/home/runner/work/jacobian/jacobian/tests/math/geometry/algebraic_curves/test_projective_singularity_profile.py:251: the exact projective singular-locus backend is unavailable</skipped></testcase><testcase classname="tests.math.geometry.algebraic_curves.test_projective_singularity_profile" name="test_smooth_curve_retains_the_saturated_unit_ideal[source1]" time="0.000"><skipped type="pytest.skip" message="the exact projective singular-locus backend is unavailable">/home/runner/work/jacobian/jacobian/tests/math/geometry/algebraic_curves/test_projective_singularity_profile.py:251: the exact projective singular-locus backend is unavailable</skipped></testcase><testcase classname="tests.math.geometry.algebraic_curves.test_projective_singularity_profile" name="test_geometrically_split_cubic_keeps_its_complete_galois_orbit" time="0.000"><skipped type="pytest.skip" message="the exact projective singular-locus backend is unavailable">/home/runner/work/jacobian/jacobian/tests/math/geometry/algebraic_curves/test_projective_singularity_profile.py:209: the exact projective singular-locus backend is unavailable</skipped></testcase><testcase classname="tests.math.geometry.algebraic_curves.test_projective_singularity_profile" name="test_native_operation_accepts_the_canonical_polynomial_value" time="0.000"><skipped type="pytest.skip" message="the exact projective singular-locus backend is unavailable">/home/runner/work/jacobian/jacobian/tests/math/geometry/algebraic_curves/test_projective_singularity_profile.py:620: the exact projective singular-locus backend is unavailable</skipped></testcase><testcase classname="tests.math.geometry.algebraic_curves.test_projective_singularity_profile" name="test_catalog_contract_and_example_round_trip" time="0.000"><skipped type="pytest.skip" message="the exact projective singular-locus backend is unavailable">/home/runner/work/jacobian/jacobian/tests/math/geometry/algebraic_curves/test_projective_singularity_profile.py:594: the exact projective singular-locus backend is unavailable</skipped></testcase><testcase classname="tests.math.geometry.algebraic_curves.test_projective_singularity_profile" name="test_every_outcome_discriminator_is_required_by_schema_and_runtime" time="0.000"><skipped type="pytest.skip" message="the exact projective singular-locus backend is unavailable">/home/runner/work/jacobian/jacobian/tests/math/geometry/algebraic_curves/test_projective_singularity_profile.py:583: the exact projective singular-locus backend is unavailable</skipped></testcase><testcase classname="tests.math.graphs.common_neighbor_profile.test_common_neighbor_profile" name="test_row_count" time="0.001" /><testcase classname="tests.math.graphs.common_neighbor_profile.test_common_neighbor_profile" name="test_k3" time="0.001" /><testcase classname="tests.math.combinatorics.algebraic.weighted_monotone.test_weighted_monotone" name="test_result_preserves_source" time="0.001" /><testcase classname="tests.math.combinatorics.algebraic.weighted_monotone.test_weighted_monotone" name="test_equal_letters" time="0.001" /><testcase classname="tests.math.universal_algebra.test_universal_algebra.TestValidation" name="test_term_rejects_cycles_forward_edges_and_unreachable_nodes" time="0.001" /><testcase classname="tests.math.universal_algebra.test_universal_algebra.TestValidation" name="test_term_node_kind_is_closed[arbitrary]" time="0.001" /><testcase classname="tests.math.universal_algebra.test_universal_algebra.TestValidation" name="test_wrong_table_size_rejected" time="0.001" /><testcase classname="tests.math.universal_algebra.test_universal_algebra.TestHomomorphismProfile" name="test_quotient_map_has_canonical_kernel_and_image" time="0.001" /><testcase classname="tests.math.universal_algebra.test_universal_algebra.TestHomomorphismProfile" name="test_first_unary_obstruction_is_complete_and_deterministic" time="0.001" /><testcase classname="tests.math.universal_algebra.test_universal_algebra.TestGeneratedSubalgebra" name="test_generated_by_both" time="0.001" /><testcase classname="tests.math.topology.frames.test_native" name="test_frame_operations_reject_undercomplete_families_before_rank[coherence]" time="0.003" /><testcase classname="tests.math.polynomials.root_boxes.test_root_box_certification" name="test_permuting_the_complete_axis_preserves_the_geometric_root" time="0.015" /><testcase classname="tests.math.polynomials.root_boxes.test_root_box_certification" name="test_tiny_residual_on_positive_dimensional_locus_is_not_a_root_claim" time="0.015" /><testcase classname="tests.math.polynomials.root_boxes.test_root_box_certification" name="test_dimension_and_component_term_boundaries_are_rejected" time="0.003" /><testcase classname="tests.math.polynomials.root_boxes.test_root_box_certification" name="test_record_digest_rejects_independent_source_or_evidence_mutation[preconditioner]" time="0.004" /><testcase classname="tests.math.polynomials.root_boxes.test_root_box_certification" name="test_conclusion_union_rejects_cross_branch_field_combinations" time="0.005" /><testcase classname="tests.math.polynomials.root_boxes.test_root_box_certification" name="test_singular_midpoint_is_an_explicit_non_conclusion" time="0.003" /><testcase classname="tests.math.polynomials.root_boxes.test_root_box_certification" name="test_component_interval_exclusion_proves_no_root_on_complete_box" time="0.002" /><testcase classname="tests.math.geometry.test_exact_geometry.TestPinnedCoordinateCapIsSchemaEnforced" name="test_schema_publishes_enforceable_component_bounds" time="0.004" /><testcase classname="tests.math.geometry.test_exact_geometry.TestPinnedCoordinateCapIsSchemaEnforced" name="test_boundary_cap_components_are_accepted" time="0.001" /><testcase classname="tests.math.geometry.test_exact_geometry.TestPinnedCoordinateCapIsSchemaEnforced" name="test_over_cap_anchor_rejected_at_parse_time" time="0.001" /><testcase classname="tests.math.geometry.test_exact_geometry.TestDistanceProfile" name="test_collinear" time="0.001" /><testcase classname="tests.math.geometry.test_exact_geometry.TestDistanceGraph" name="test_unit_square_distance_1" time="0.001" /><testcase classname="tests.math.geometry.test_exact_geometry.TestPinnedLineDistance" name="test_result_rejects_one_dimensional_retained_configuration" time="0.001" /><testcase classname="tests.math.geometry.test_exact_geometry.TestPinnedLineDistance" name="test_canonical_line_invariance_under_pair_order" time="0.003" /><testcase classname="tests.math.geometry.test_exact_geometry.TestPinnedLineDistance" name="test_anchor_arity_is_schema_expressed" time="0.004" /><testcase classname="tests.math.graphs.test_graph_polynomials.TestTuttePolynomial" name="test_single_edge" time="0.002" /><testcase classname="tests.math.graphs.test_graph_polynomials.TestMatchingPolynomial" name="test_single_edge" time="0.001" /><testcase classname="tests.math.graphs.test_graph_polynomials.TestFlowPolynomial" name="test_bridge_is_zero_polynomial" time="0.001" /><testcase classname="tests.math.graphs.test_graph_polynomials.TestFlowPolynomial" name="test_rejects_graph_beyond_deletion_budget" time="0.001" /><testcase classname="tests.math.combinatorics.test_recurrence_models" name="test_polynomial_recurrence_aborts_when_an_intermediate_exceeds_digit_bound" time="0.038" /><testcase classname="tests.math.combinatorics.test_recurrence_models" name="test_polynomial_recurrence_result_accepts_canonical_projection" time="0.001" /><testcase classname="tests.math.combinatorics.test_recurrence_models" name="test_polynomial_recurrence_result_rejects_malformed_prefix_projection[values1]" time="0.001" /><testcase classname="tests.math.groups.root_systems.test_root_systems.TestRootSystemData" name="test_negative_roots" time="0.002" /><testcase classname="tests.math.groups.root_systems.test_root_systems.TestRootSystemData" name="test_a3_positive_roots" time="0.002" /><testcase classname="tests.math.groups.root_systems.test_root_systems.TestRootSystemData" name="test_a2_positive_roots" time="0.001" /><testcase classname="tests.math.groups.root_systems.test_root_systems.TestCartanMatrix" name="test_invalid_positive_offdiag" time="0.001" /><testcase classname="tests.math.groups.root_systems.test_root_systems.TestCartanMatrix" name="test_valid_g2" time="0.000" /><testcase classname="tests.math.groups.root_systems.test_root_systems.TestWeylGroupOrder" name="test_e8_order_does_not_materialize_weyl_group_elements" time="0.104" /><testcase classname="tests.math.groups.root_systems.test_root_systems.TestWeylGroupOrder" name="test_known_orders[matrix5-192]" time="0.004" /><testcase classname="tests.math.groups.root_systems.test_root_systems.TestWeylGroupOrder" name="test_known_orders[matrix3-12]" time="0.002" /><testcase classname="tests.math.groups.actions.test_subset_canonicalization" name="test_result_rejects_structurally_inconsistent_source_and_conclusions[transporter-value2-tuple_type]" time="0.001" /><testcase classname="tests.math.groups.actions.test_subset_canonicalization" name="test_bound_subset_dump_and_load_preserves_labelled_meaning" time="0.001" /><testcase classname="tests.math.groups.actions.test_subset_canonicalization" name="test_generator_reordering_preserves_canonical_result_and_transporter" time="0.001" /><testcase classname="tests.math.groups.actions.test_subset_canonicalization" name="test_result_model_accepts_structurally_valid_semantic_claims[orbit_size-2]" time="0.001" /><testcase classname="tests.math.groups.actions.test_subset_canonicalization" name="test_positions_valid_only_under_the_original_action_rejected_under_another" time="0.001" /><testcase classname="tests.math.groups.actions.test_subset_canonicalization" name="test_cyclic_action_canonicalizes_singleton_with_transporter" time="0.001" /><testcase classname="tests.math.groups.actions.test_subset_canonicalization" name="test_generator_representation_boundary_is_explicit" time="0.001" /><testcase classname="tests.math.polynomials.support_geometry.test_support_geometry.TestNewtonPolytope" name="test_term_bound_rejects_infeasible_scan" time="0.003" /><testcase classname="tests.math.polynomials.support_geometry.test_support_geometry.TestWeightProfile" name="test_zero_polynomial_rejected" time="0.001" /><testcase classname="tests.math.polynomials.support_geometry.test_support_geometry.TestWeightProfile" name="test_weight_profile_uniform" time="0.001" /><testcase classname="tests.math.polynomials.support_geometry.test_support_geometry.TestNewtonInvariants" name="test_empty_support_has_no_degree_extrema" time="0.001" /><testcase classname="tests.math.polynomials.support_geometry.test_support_geometry.TestNewtonReplay" name="test_ragged_exponent_widths_rejected" time="0.001" /><testcase classname="tests.math.polynomials.support_geometry.test_support_geometry.TestNativeSurface" name="test_native_weighted_functions_keep_domain_validation" time="0.001" /><testcase classname="tests.math.polynomials.support_geometry.test_support_geometry.TestSupportValueInvariants" name="test_duplicate_or_invalid_variables_rejected" time="0.001" /><testcase classname="tests.math.polynomials.support_geometry.test_support_geometry.TestSupportValueInvariants" name="test_zero_newton_polytope_requires_zero_affine_dimension" time="0.001" /><testcase classname="tests.math.polynomials.support_geometry.test_support_geometry.TestInitialForm" name="test_initial_form_with_coeffs" time="0.001" /><testcase classname="tests.math.polynomials.support_geometry.test_support_geometry.TestInitialForm" name="test_initial_form_nonuniform" time="0.001" /><testcase classname="tests.math.polynomials.support_geometry.test_support_geometry.TestInitialForm" name="test_initial_form_uniform" time="0.001" /><testcase classname="tests.math.polynomials.interpolation.test_polynomial_interpolation" name="test_catalog_contains_only_audited_operations" time="0.001" /><testcase classname="tests.math.combinatorics.designs.incidence_structures.test_incidence_trade" name="test_result_validation_accepts_reordered_source_members" time="0.001" /><testcase classname="tests.math.combinatorics.designs.incidence_structures.test_incidence_trade" name="test_forged_undeclared_difference_labels_are_rejected" time="0.001" /><testcase classname="tests.math.combinatorics.designs.incidence_structures.test_incidence_trade" name="test_moment_verifier_rejects_unrealizable_sparse_zero_profile" time="0.005" /><testcase classname="tests.math.combinatorics.designs.incidence_structures.test_incidence_trade" name="test_trade_admission_is_budget_derived_with_conservative_order_ceiling" time="0.001" /><testcase classname="tests.math.combinatorics.designs.incidence_structures.test_incidence_trade" name="test_trade_admission_charges_each_profile_once" time="0.081" /><testcase classname="tests.math.combinatorics.designs.incidence_structures.test_incidence_trade" name="test_forged_mismatched_family_point_axes_are_rejected" time="0.001" /><testcase classname="tests.math.combinatorics.designs.incidence_structures.test_incidence_trade" name="test_exported_native_values_compare_equal_across_member_orders" time="0.001" /><testcase classname="tests.math.combinatorics.designs.incidence_structures.test_incidence_trade" name="test_forged_permuted_duplicate_subset_keys_are_rejected" time="0.001" /><testcase classname="tests.math.combinatorics.designs.incidence_structures.test_incidence_trade" name="test_moment_verifier_rejects_unwitnessable_shared_core_totals" time="0.002" /><testcase classname="tests.math.combinatorics.designs.incidence_structures.test_incidence_trade" name="test_forged_out_of_axis_order_subset_keys_are_rejected" time="0.001" /><testcase classname="tests.math.combinatorics.designs.incidence_structures.test_incidence_trade" name="test_published_thirteen_for_twelve_trade_matches_through_order_two" time="0.002" /><testcase classname="tests.math.combinatorics.designs.incidence_structures.test_incidence_trade" name="test_moment_verifier_rejects_positive_totals_without_order_subsets" time="0.001" /><testcase classname="tests.math.combinatorics.designs.incidence_structures.test_incidence_trade" name="test_trade_requires_identical_ordered_point_parents" time="0.001" /><testcase classname="tests.math.matrices.test_canonical_forms" name="test_source_binding_across_matrix_families" time="0.031" /><testcase classname="tests.math.matrices.test_canonical_forms" name="test_source_bound_result_contracts_are_versioned_as_version_two" time="0.000" /><testcase classname="tests.math.matrices.test_canonical_forms" name="test_diagonal_distinct_single_factor_canonical_form" time="0.003" /><testcase classname="tests.math.matrices.test_canonical_forms" name="test_public_kernels_return_monic_coefficient_lists" time="0.003" /><testcase classname="tests.math.matrices.test_canonical_forms" name="test_single_entry_matrix_canonical_forms" time="0.004" /><testcase classname="tests.math.matrices.test_canonical_forms" name="test_contract_rejects_non_monic_polynomial" time="0.001" /><testcase classname="tests.math.matrices.test_canonical_forms" name="test_identity_two_blocks_canonical_form" time="0.003" /><testcase classname="tests.math.matrices.test_canonical_forms" name="test_noncyclic_components_multiply_to_minimal_not_characteristic" time="0.004" /><testcase classname="tests.math.matrices.test_canonical_forms" name="test_diagonal_distinct_minimal_equals_characteristic" time="0.002" /><testcase classname="tests.math.matrices.test_canonical_forms" name="test_smith_normal_form_path_handles_larger_matrices" time="0.009" /><testcase classname="tests.math.matrices.test_canonical_forms" name="test_identity_matrix_minimal_polynomial_is_t_minus_one" time="0.002" /><testcase classname="tests.math.matrices.test_canonical_forms" name="test_characteristic_equals_product_of_invariant_factors" time="0.003" /><testcase classname="tests.math.matrices.test_canonical_forms" name="test_nilpotent_jordan_block_minimal_polynomial_is_t_squared" time="0.002" /><testcase classname="tests.math.matrices.test_canonical_forms" name="test_primary_decomposition_normalizes_rational_root_factors" time="0.004" /><testcase classname="tests.math.groups.core.test_group_invariants.TestLatticeWorkBound" name="test_budget_exhaustion_returns_typed_outcome" time="0.001" /><testcase classname="tests.math.groups.core.test_group_invariants.TestSubgroupLattice" name="test_trivial_group_subgroups" time="0.001" /><testcase classname="tests.math.groups.core.test_group_invariants.TestBoundedEnumeration" name="test_lattice_still_rejects_above_64" time="0.001" /><testcase classname="tests.math.groups.core.test_group_invariants.TestBoundedEnumeration" name="test_oversized_group_rejected_at_validation" time="0.002" /><testcase classname="tests.math.polynomials.test_polynomial_maps" name="test_univariate_composition_returns_a_canonical_polynomial" time="0.002" /><testcase classname="tests.math.polynomials.test_polynomial_maps" name="test_jacobian_rejects_a_mismatched_output_ring" time="0.001" /><testcase classname="tests.math.polynomials.test_polynomial_maps" name="test_composition_rejects_multivariate_operands" time="0.001" /><testcase classname="tests.math.number_theory.sequences.recurrence_solving.test_prime_field_recurrence.TestPrimeFieldRecurrenceFind" name="test_constant_sequence" time="0.001" /><testcase classname="tests.math.combinatorics.posets.formal_concepts.test_implication_closure" name="test_request_rejects_duplicate_or_foreign_seed_indices" time="0.001" /><testcase classname="tests.math.combinatorics.posets.formal_concepts.test_implication_closure" name="test_empty_premise_fires_and_empty_conclusion_is_inert" time="0.001" /><testcase classname="tests.math.combinatorics.posets.formal_concepts.test_implication_closure" name="test_coherent_attribute_relabeling_preserves_indexed_closure" time="0.001" /><testcase classname="tests.math.combinatorics.posets.formal_concepts.test_implication_closure" name="test_request_schema_discloses_aggregate_system_constraints" time="0.002" /><testcase classname="tests.math.combinatorics.additive.rational_fixed_arity.test_rational_fixed_arity" name="test_native_admission_rejects_combination_explosion" time="0.001" /><testcase classname="tests.math.combinatorics.additive.rational_fixed_arity.test_rational_fixed_arity" name="test_result_preserves_source" time="0.001" /><testcase classname="tests.math.combinatorics.additive.rational_fixed_arity.test_rational_fixed_arity" name="test_arithmetic_progression_uses_lattice_support_bound" time="1.860" /><testcase classname="tests.math.combinatorics.additive.rational_fixed_arity.test_rational_fixed_arity" name="test_replay" time="0.001" /><testcase classname="tests.math.analysis.boolean.test_walsh_transform" name="test_walsh_constant_zero_spectrum" time="0.001" /><testcase classname="tests.math.analysis.boolean.test_walsh_transform" name="test_walsh_transform_agrees_with_direct_character_sum[truth_table3]" time="0.001" /><testcase classname="tests.math.analysis.boolean.test_walsh_transform" name="test_walsh_transform_of_not_function" time="0.001" /><testcase classname="tests.math.analysis.boolean.test_walsh_transform" name="test_walsh_transform_agrees_with_direct_character_sum[truth_table1]" time="0.001" /><testcase classname="tests.math.graphs.monochromatic_clique.test_monochromatic_clique" name="test_replay_monochromatic" time="0.001" /><testcase classname="tests.math.graphs.monochromatic_clique.test_monochromatic_clique" name="test_native_admission_rejects_untransportable_result" time="0.055" /><testcase classname="tests.math.geometry.exact.spanned_line_profile.spanned_line_profile.test_spanned_line_profile" name="test_three_collinear" time="0.002" /><testcase classname="tests.math.geometry.exact.spanned_line_profile.spanned_line_profile.test_spanned_line_profile" name="test_derived_line_key_growth_is_rejected_before_pair_enumeration" time="0.017" /><testcase classname="tests.math.combinatorics.additive.test_subset_sum_residue" name="test_request_bounds_raw_source_before_nested_parsing" time="0.002" /><testcase classname="tests.math.combinatorics.additive.test_subset_sum_residue" name="test_request_just_above_dp_cell_boundary_is_rejected" time="0.001" /><testcase classname="tests.math.combinatorics.additive.test_subset_sum_residue" name="test_empty_source_has_explicit_empty_subset_convention[False-expected1]" time="0.001" /><testcase classname="tests.math.combinatorics.additive.test_subset_sum_residue" name="test_request_rejects_multiplicity_intermediate_above_bound" time="0.002" /><testcase classname="tests.math.combinatorics.additive.test_subset_sum_residue" name="test_modulus_boundary_and_schema_are_explicit" time="0.002" /><testcase classname="tests.math.combinatorics.additive.test_subset_sum_residue" name="test_result_rejects_noncanonical_witness" time="0.001" /><testcase classname="tests.math.combinatorics.additive.test_subset_sum_residue" name="test_schema_item_ceiling_matches_validator_at_the_boundary" time="0.004" /><testcase classname="tests.math.combinatorics.additive.test_subset_sum_residue" name="test_positions_beyond_legacy_source_cap_are_admitted" time="0.001" /><testcase classname="tests.math.combinatorics.additive.test_subset_sum_residue" name="test_two_items_have_nonempty_zero_residue_with_canonical_witnesses" time="0.001" /><testcase classname="tests.math.dynamics.arithmetic.test_arithmetic_dynamics.TestCycleMultiplier" name="test_validated_two_cycle_multiplier" time="0.001" /><testcase classname="tests.math.dynamics.arithmetic.test_arithmetic_dynamics.TestDynatomicPolynomial" name="test_first_dynatomic_polynomial" time="0.002" /><testcase classname="tests.math.dynamics.arithmetic.test_arithmetic_dynamics.TestFiniteFieldFunctionalGraph" name="test_nonprime_modulus_is_rejected" time="0.001" /><testcase classname="tests.math.dynamics.arithmetic.test_arithmetic_dynamics.TestFiniteFieldFunctionalGraph" name="test_edges_cycles_and_tail_lengths_replay[2-coefficients0]" time="0.001" /><testcase classname="tests.math.dynamics.arithmetic.test_arithmetic_dynamics.TestFiniteFieldFunctionalGraph" name="test_noncanonical_integer_coefficients_have_an_owner_code" time="0.001" /><testcase classname="tests.math.dynamics.arithmetic.test_arithmetic_dynamics.TestFiniteFieldFunctionalGraph" name="test_trailing_zero_mod_prime_is_rejected" time="0.001" /><testcase classname="tests.math.dynamics.arithmetic.test_arithmetic_dynamics.TestMapIterate" name="test_second_iterate_is_exact" time="0.001" /><testcase classname="tests.math.dynamics.arithmetic.test_arithmetic_dynamics.TestCanonicalAndPortfolioContracts" name="test_native_iterate_enforces_output_degree_bound" time="0.001" /><testcase classname="tests.math.probability.test_directed_bond_reliability" name="test_two_arc_directed_series_multiplies_exact_probabilities" time="0.002" /><testcase classname="tests.math.probability.test_directed_bond_reliability" name="test_edgeless_graph_has_exact_zero_connection_probability" time="0.001" /><testcase classname="tests.math.probability.test_directed_bond_reliability" name="test_independent_directed_routes_use_exact_union_mass" time="0.002" /><testcase classname="tests.math.number_theory.test_periodic_congruences" name="test_noncoprime_overlap_is_not_double_counted" time="0.001" /><testcase classname="tests.math.number_theory.test_periodic_congruences" name="test_empty_and_complement_degeneracies[payload1-1-residues1]" time="0.001" /><testcase classname="tests.math.number_theory.test_periodic_congruences" name="test_source_row_and_family_boundaries_are_exact" time="0.018" /><testcase classname="tests.math.number_theory.test_periodic_congruences" name="test_measure_accepts_exact_integer_digit_boundary" time="0.001" /><testcase classname="tests.math.number_theory.test_periodic_congruences" name="test_constructor_path_rejects_oversized_families_and_raw_rows" time="0.005" /><testcase classname="tests.math.number_theory.test_periodic_congruences" name="test_profile_accounts_for_retained_source_and_wide_residue_output_bytes" time="0.010" /><testcase classname="tests.math.number_theory.test_periodic_congruences" name="test_compressed_measure_and_sparse_materialization_agree" time="0.001" /><testcase classname="tests.math.number_theory.test_periodic_congruences" name="test_request_schemas_publish_aggregate_execution_and_profile_bounds" time="0.003" /><testcase classname="tests.math.number_theory.test_periodic_congruences" name="test_empty_and_complement_degeneracies[payload0-1-residues0]" time="0.001" /><testcase classname="tests.math.number_theory.test_periodic_congruences" name="test_union_and_complement_partition_the_common_period" time="0.001" /><testcase classname="tests.math.number_theory.test_periodic_congruences" name="test_native_periodic_operations_accept_canonical_source" time="0.001" /><testcase classname="tests.math.number_theory.test_periodic_congruences" name="test_merged_source_with_many_residues_remains_an_unchanged_consumer_value" time="0.004" /><testcase classname="tests.math.number_theory.test_periodic_congruences" name="test_aggregate_row_bound_rejects_before_constructing_row_models" time="0.058" /><testcase classname="tests.math.matrices.test_inverse" name="test_inverse_operation_round_trips_random_unimodular_matrices[2]" time="0.006" /><testcase classname="tests.math.matrices.test_inverse" name="test_inverse_admits_diagonal_max_height_output" time="0.372" /><testcase classname="tests.math.matrices.test_inverse" name="test_inverse_admits_bounded_rank_one_update" time="1.083" /><testcase classname="tests.math.matrices.test_inverse" name="test_inverse_reuses_canonical_integer_matrix" time="0.001" /><testcase classname="tests.math.matrices.test_inverse" name="test_inverse_operation_rejects_singular_matrices" time="0.001" /><testcase classname="tests.math.topology.chain_complexes.test_chain_complexes.TestSchemaVisibleCoefficientGrammar" name="test_chain_map_schemas_document_map_matrix_grammar" time="0.003" /><testcase classname="tests.math.topology.chain_complexes.test_chain_complexes.TestSchemaVisibleCoefficientGrammar" name="test_construct_schema_documents_entry_grammar" time="0.001" /><testcase classname="tests.math.topology.chain_complexes.test_chain_complexes.TestMappingConeSourceBinding" name="test_genuine_cone_round_trips" time="0.002" /><testcase classname="tests.math.topology.chain_complexes.test_chain_complexes.TestChainMapAdmission" name="test_mismatched_degree_intervals_are_rejected" time="0.001" /><testcase classname="tests.math.topology.chain_complexes.test_chain_complexes.TestEmptyRowWidthChainMaps" name="test_empty_middle_cone_group_round_trips" time="0.001" /><testcase classname="tests.math.topology.chain_complexes.test_chain_complexes.TestEmptyRowWidthChainMaps" name="test_zero_row_homology_request_returns_typed_result" time="0.001" /><testcase classname="tests.math.topology.chain_complexes.test_chain_complexes.TestEmptyRowWidthChainMaps" name="test_zero_row_target_differential_verifies" time="0.001" /><testcase classname="tests.math.topology.chain_complexes.test_chain_complexes.TestTensorContextAndShapes" name="test_shifted_tensor_degree_interval" time="0.001" /><testcase classname="tests.math.topology.chain_complexes.test_chain_complexes.TestCanonicalCoefficientSpellings" name="test_noncanonical_spellings_rejected" time="0.001" /><testcase classname="tests.math.topology.chain_complexes.test_chain_complexes.TestReviewRegressions2236" name="test_empty_width_construct_replay_preserves_declared_widths" time="0.001" /><testcase classname="tests.math.topology.chain_complexes.test_chain_complexes.TestNativeSurface" name="test_native_surface_excludes_wire_envelope_handlers" time="0.001" /><testcase classname="tests.math.topology.chain_complexes.test_chain_complexes.TestTensorProductPreconditions" name="test_non_square_zero_factor_rejected" time="0.001" /><testcase classname="tests.math.topology.chain_complexes.test_chain_complexes.TestComputeHomology" name="test_flint_rank_admits_retained_complex_above_shared_ceiling[GF_p-101]" time="0.376" /><testcase classname="tests.math.topology.chain_complexes.test_chain_complexes.TestPrimeFieldDerivedSerialization" name="test_mapping_cone_serializes_prime_field_residues" time="0.001" /><testcase classname="tests.math.topology.chain_complexes.test_chain_complexes.TestHomologySourceBinding" name="test_forged_profile_is_rejected" time="0.001" /><testcase classname="tests.math.topology.chain_complexes.test_chain_complexes.TestHomologyParentMatch" name="test_parent_mismatch_rejected" time="0.001" /><testcase classname="tests.math.topology.chain_complexes.test_chain_complexes.TestAggregateChainMapWork" name="test_aggregate_component_cells_bounded" time="0.100" /><testcase classname="tests.math.number_theory.characters.test_principal" name="test_value_request_rejects_noncanonical_integer_syntax[+25]" time="0.001" /><testcase classname="tests.math.number_theory.characters.test_principal" name="test_modulus_one_has_its_single_residue_as_a_unit" time="0.001" /><testcase classname="tests.math.number_theory.characters.test_principal" name="test_value_operation_is_bound_to_the_supplied_table[18-6-False-0]" time="0.001" /><testcase classname="tests.math.number_theory.characters.test_principal" name="test_value_request_rejects_noncanonical_integer_syntax[2_5]" time="0.001" /><testcase classname="tests.math.number_theory.characters.test_principal" name="test_published_catalog_includes_table_and_value_operations" time="
[...]
height" name="test_dynatomic_request_checks_each_required_iterate" time="0.001" /><testcase classname="tests.math.number_theory.test_certified_factoring" name="test_perfect_power_factors_with_certificates" time="1.004" /><testcase classname="tests.math.polynomials.test_polynomial_map_generic_degree" name="test_known_generic_degrees[identity]" time="0.000"><skipped type="pytest.skip" message="Singular 4.4 backend is not installed">/home/runner/work/jacobian/jacobian/tests/math/polynomials/test_polynomial_map_generic_degree.py:273: Singular 4.4 backend is not installed</skipped></testcase><testcase classname="tests.math.polynomials.test_polynomial_map_generic_degree" name="test_malformed_computed_backend_state_is_a_typed_error[backend0]" time="0.001" /><testcase classname="tests.math.polynomials.test_polynomial_map_generic_degree" name="test_request_rejects_unproved_dimension_degree_and_height" time="0.001" /><testcase classname="tests.math.polynomials.test_polynomial_map_generic_degree" name="test_known_generic_degrees[degrees_two_and_three]" time="0.000"><skipped type="pytest.skip" message="Singular 4.4 backend is not installed">/home/runner/work/jacobian/jacobian/tests/math/polynomials/test_polynomial_map_generic_degree.py:273: Singular 4.4 backend is not installed</skipped></testcase><testcase classname="tests.math.polynomials.test_polynomial_map_generic_degree" name="test_known_generic_degrees[triangular]" time="0.000"><skipped type="pytest.skip" message="Singular 4.4 backend is not installed">/home/runner/work/jacobian/jacobian/tests/math/polynomials/test_polynomial_map_generic_degree.py:273: Singular 4.4 backend is not installed</skipped></testcase><testcase classname="tests.math.polynomials.test_polynomial_map_generic_degree" name="test_declared_replay_limits_are_consulted_during_replay[coefficient-products]" time="0.006" /><testcase classname="tests.math.combinatorics.additive.cyclic_prefix_sum.test_cyclic_prefix_sum" name="test_collision_classes" time="0.001" /><testcase classname="tests.math.combinatorics.additive.cyclic_prefix_sum.test_cyclic_prefix_sum" name="test_native_admission_rejects_nonpositive_modulus" time="0.001" /><testcase classname="tests.math.combinatorics.additive.cyclic_prefix_sum.test_cyclic_prefix_sum" name="test_single_element" time="0.001" /><testcase classname="tests.math.combinatorics.additive.cyclic_prefix_sum.test_cyclic_prefix_sum" name="test_large_modulus" time="0.001" /><testcase classname="tests.math.combinatorics.designs.coherent_configurations.test_coherent_configurations" name="test_escaped_result_over_budget_is_rejected_by_native_admission[quote]" time="0.001" /><testcase classname="tests.math.combinatorics.designs.coherent_configurations.test_coherent_configurations" name="test_catalog_declares_one_foundational_operation" time="0.001" /><testcase classname="tests.math.combinatorics.designs.coherent_configurations.test_coherent_configurations" name="test_utf8_label_byte_bounds_apply_to_direct_request" time="0.001" /><testcase classname="tests.math.combinatorics.test_sidon_extension.TestSidonExtensionProfile" name="test_all_candidates_admissible" time="0.001" /><testcase classname="tests.math.combinatorics.test_sidon_extension.TestSidonExtensionProfile" name="test_admissible_candidates_are_sidon" time="0.001" /><testcase classname="tests.math.combinatorics.test_sidon_extension.TestSidonExtensionProfile" name="test_all_candidates_rejected" time="0.001" /><testcase classname="tests.math.combinatorics.test_sidon_extension.TestSidonExtensionProfile" name="test_candidate_admission_is_not_a_fixed_count" time="0.002" /><testcase classname="tests.math.combinatorics.test_sidon_extension.TestSidonExtensionProfile" name="test_kernel_reuses_the_admitted_source_difference_profile" time="0.001" /><testcase classname="tests.math.combinatorics.discrepancy.test_discrepancy_theory.TestDiscrepancyOptimum" name="test_execution_failed_result_carries_no_claim" time="0.001" /><testcase classname="tests.math.combinatorics.discrepancy.test_discrepancy_theory.TestDiscrepancyOptimum" name="test_milp_statuses_map_to_distinct_typed_outcomes[3-EXECUTION_FAILED]" time="0.972" /><testcase classname="tests.math.combinatorics.discrepancy.test_discrepancy_theory.TestDiscrepancyOptimum" name="test_milp_statuses_map_to_distinct_typed_outcomes[1-BUDGET_EXCEEDED]" time="0.001" /><testcase classname="tests.math.combinatorics.discrepancy.test_discrepancy_theory.TestDiscrepancyOptimum" name="test_producing_optimal_claims_require_the_exact_proof_outcome[unsat-OPTIMAL]" time="0.006" /><testcase classname="tests.math.combinatorics.discrepancy.test_discrepancy_theory.TestDiscrepancyOptimum" name="test_budget_exceeded_result_carries_no_claim" time="0.001" /><testcase classname="tests.math.combinatorics.discrepancy.test_discrepancy_theory.TestDiscrepancyOptimum" name="test_malformed_status_zero_solution_is_execution_failed[short_vector]" time="0.001" /><testcase classname="tests.math.combinatorics.discrepancy.test_discrepancy_theory.TestDiscrepancyOptimum" name="test_producing_optimal_claims_require_the_exact_proof_outcome[sat-EXECUTION_FAILED]" time="0.005" /><testcase classname="tests.math.combinatorics.discrepancy.test_discrepancy_theory.TestDiscrepancyOptimum" name="test_budget_exceeded_serialization_carries_no_completeness_claim" time="0.001" /><testcase classname="tests.math.combinatorics.discrepancy.test_discrepancy_theory.TestDiscrepancyOptimum" name="test_malformed_status_zero_solution_is_execution_failed[integral_outside_binary_bounds]" time="0.001" /><testcase classname="tests.math.combinatorics.discrepancy.test_discrepancy_theory.TestDiscrepancyOptimum" name="test_proving_checker_failure_stays_typed" time="0.005" /><testcase classname="tests.math.combinatorics.discrepancy.test_discrepancy_theory.TestHardConstraintRounding" name="test_malformed_sources_are_rejected_before_the_kernel[values-replacement1-discrepancy_theory.row_sum_not_integral]" time="0.001" /><testcase classname="tests.math.combinatorics.discrepancy.test_discrepancy_theory.TestHardConstraintRounding" name="test_known_answer_preserves_rows_and_returns_complete_ledgers" time="0.002" /><testcase classname="tests.math.combinatorics.discrepancy.test_discrepancy_theory.TestHardConstraintRounding" name="test_over_incidence_rejects_before_exact_aggregation" time="0.035" /><testcase classname="tests.math.combinatorics.discrepancy.test_discrepancy_theory.TestHardConstraintRounding" name="test_malformed_sources_are_rejected_before_the_kernel[columns-replacement5-discrepancy_theory.coordinate_indices_out_of_range]" time="0.001" /><testcase classname="tests.math.combinatorics.finite_structures.hypergraphs.test_independence" name="test_producer_projects_solver_error_when_witness_misses_threshold" time="0.005" /><testcase classname="tests.math.combinatorics.finite_structures.hypergraphs.test_independence" name="test_empty_hypergraph_returns_zero" time="0.735" /><testcase classname="tests.math.combinatorics.finite_structures.hypergraphs.test_independence" name="test_interrupted_solver_returns_unknown" time="0.002" /><testcase classname="tests.math.combinatorics.finite_structures.hypergraphs.test_independence" name="test_one_three_edge_differs_from_clique_expansion_independence" time="0.767" /><testcase classname="tests.math.combinatorics.finite_structures.hypergraphs.test_independence" name="test_producer_rejects_solver_calls_inconsistent_with_established_bounds" time="0.002" /><testcase classname="tests.math.combinatorics.finite_structures.hypergraphs.test_independence" name="test_solver_call_limit_returns_only_sound_partial_bounds" time="0.767" /><testcase classname="tests.math.polynomials.test_strict_sublevel_measure" name="test_rational_level_roots_collapse_into_the_rational_measure_part" time="0.004" /><testcase classname="tests.math.polynomials.test_strict_sublevel_measure" name="test_zero_and_constant_polynomial_conventions[polynomial3-2-0-0]" time="0.001" /><testcase classname="tests.math.polynomials.test_strict_sublevel_measure" name="test_zero_and_constant_polynomial_conventions[polynomial4-2-0-0]" time="0.001" /><testcase classname="tests.math.polynomials.test_strict_sublevel_measure" name="test_zero_and_constant_polynomial_conventions[polynomial1-0-0-0]" time="0.001" /><testcase classname="tests.math.polynomials.test_strict_sublevel_measure" name="test_request_rejects_outside_domain_and_work_bounds" time="0.001" /><testcase classname="tests.math.polynomials.test_strict_sublevel_measure" name="test_producer_isolates_once_and_result_parsing_stays_structural" time="0.009" /><testcase classname="tests.math.combinatorics.test_native_operations" name="test_native_classical_numbers_reject_noninteger_or_negative_indices" time="0.001" /><testcase classname="tests.math.combinatorics.symmetric_functions.test_tableau_values" name="test_semistandard_tableau_rejects_malformed_rows[rows0-symmetric_function.partition_not_weakly_decreasing]" time="0.001" /><testcase classname="tests.math.combinatorics.symmetric_functions.test_tableau_values" name="test_tableau_shape_domain_is_closed_under_transposition_extremes" time="0.001" /><testcase classname="tests.math.logic.test_tools" name="test_smt_solver_does_not_promote_a_malformed_backend_model" time="0.002" /><testcase classname="tests.math.logic.test_tools" name="test_smt_request_admits_nesting_at_the_term_depth_boundary_and_still_solves" time="0.770" /><testcase classname="tests.math.logic.test_tools" name="test_canonical_cnf_can_be_passed_directly_to_assignment_and_solver" time="0.767" /><testcase classname="tests.math.logic.test_tools" name="test_smt_worker_envelope_covers_encoding_and_solver_work" time="0.001" /><testcase classname="tests.math.logic.test_tools" name="test_sat_worker_never_projects_transport_failure_as_a_math_verdict[completed1-output limit]" time="0.001" /><testcase classname="tests.math.logic.test_tools" name="test_smt_solver_projects_exhausted_work_budget_as_typed_unknown" time="0.003" /><testcase classname="tests.math.logic.test_tools" name="test_logic_bundle_exposes_only_atomic_inline_operations" time="0.001" /><testcase classname="tests.math.logic.test_tools" name="test_smt_execution_reports_undeclared_identifiers_without_resource_claims[memory]" time="0.767" /><testcase classname="tests.math.logic.test_tools" name="test_z3_initialization_failure_is_a_typed_unknown[_solve_sat_kernel-accepted_request0]" time="0.001" /><testcase classname="tests.math.logic.test_tools" name="test_worker_response_conversion_cannot_outlive_request_deadline[jacobian.math.logic._smt-solve_request0-response0]" time="0.001" /><testcase classname="tests.math.logic.test_tools" name="test_lpr_refutation_keeps_witnesses_and_deletions_structural" time="0.001" /><testcase classname="tests.math.logic.test_tools" name="test_smt_solver_projects_exhaustion_messages_from_z3_exceptions[max. resource limit exceeded-work]" time="0.002" /><testcase classname="tests.math.logic.test_tools" name="test_smt_request_admits_a_bv_named_symbol_outside_index_context_and_solves" time="0.767" /><testcase classname="tests.math.logic.test_tools" name="test_smt_execution_reports_undeclared_identifiers_without_resource_claims[|resource limit|]" time="0.767" /><testcase classname="tests.math.logic.test_tools" name="test_lpr_refutation_never_upgrades_process_failure_to_a_math_verdict[completed1-ERROR]" time="0.002" /><testcase classname="tests.math.logic.test_tools" name="test_lpr_refutation_reserves_the_transport_result_budget" time="0.001" /><testcase classname="tests.math.logic.test_tools" name="test_sat_worker_envelope_covers_encoding_and_solver_work" time="0.001" /><testcase classname="tests.math.logic.test_tools" name="test_assignment_reports_the_first_unsatisfied_clause" time="0.001" /><testcase classname="tests.math.logic.test_tools" name="test_sat_solver_projects_exhaustion_messages_from_z3_exceptions[canceled during solve-work]" time="0.001" /><testcase classname="tests.math.logic.test_tools" name="test_smt_solver_projects_exhausted_memory_budget_as_typed_unknown" time="0.009" /><testcase classname="tests.math.logic.test_tools" name="test_smt_solver_wraps_backend_failure_during_the_solve" time="0.001" /><testcase classname="tests.math.logic.test_tools" name="test_sat_solver_projects_exhaustion_messages_from_z3_exceptions[exceeded the time limit before a verdict-time]" time="0.001" /><testcase classname="tests.math.logic.test_tools" name="test_lpr_refutation_admits_sparse_solver_assigned_clause_labels" time="0.001" /><testcase classname="tests.math.logic.test_tools" name="test_smt_solver_types_parse_stage_backend_failures_as_unknown" time="0.001" /><testcase classname="tests.math.logic.test_tools" name="test_smt_request_rejects_non_ascii_input" time="0.001" /><testcase classname="tests.math.logic.test_tools" name="test_smt_request_admits_a_literal_beyond_the_former_ceiling_with_its_exact_model" time="0.767" /><testcase classname="tests.math.logic.games.impartial.test_nim_options" name="test_nim_options_reject_result_bytes_before_option_expansion" time="0.681" /><testcase classname="tests.math.logic.games.impartial.test_nim_options" name="test_terminal_nim_positions_have_one_complete_empty_option_family[heaps2]" time="0.001" /><testcase classname="tests.math.logic.games.impartial.test_nim_options" name="test_nim_options_result_is_source_bound_and_canonical_json_bounded" time="0.001" /><testcase classname="tests.math.analysis.test_interval_values" name="test_zero_dimensional_box_round_trips_with_its_parent_and_axis" time="0.001" /><testcase classname="tests.math.matrices.test_symbolic_linear_system.TestSourceBoundResult" name="test_result_retains_source_system" time="0.052" /><testcase classname="tests.math.matrices.test_symbolic_linear_system.TestSymbolicLinearSystem" name="test_unique_solution_identity_2x2" time="0.038" /><testcase classname="tests.math.matrices.test_symbolic_linear_system.TestAdmissionWorkBounding" name="test_diagonal_system_with_unit_rhs_keeps_exact_sparse_bounds" time="0.048" /><testcase classname="tests.math.matrices.test_symbolic_linear_system.TestNativeSystemAdmission" name="test_oversized_native_shape_rejected_before_growth_scan" time="0.001" /><testcase classname="tests.math.number_theory.arithmetic.test_base_digits" name="test_base_digits_result_rejects_noncanonical_separated_fields[invalid0]" time="0.001" /><testcase classname="tests.math.number_theory.arithmetic.test_base_digits" name="test_base_digits_separates_sign_base_and_digits[0-2-expected2]" time="0.001" /><testcase classname="tests.math.number_theory.arithmetic.test_base_digits" name="test_base_digits_separates_sign_base_and_digits[9999-10000-expected3]" time="0.002" /><testcase classname="tests.math.number_theory.arithmetic.test_base_digits" name="test_base_digits_result_rejects_noncanonical_separated_fields[invalid2]" time="0.001" /><testcase classname="tests.math.logic.automata.petri_nets.test_petri_nets.TestFireTransition" name="test_fire_cyclic" time="0.001" /><testcase classname="tests.math.logic.automata.petri_nets.test_petri_nets.TestTraps" name="test_one_way_no_trap_p0" time="0.001" /><testcase classname="tests.math.logic.automata.petri_nets.test_petri_nets" name="test_siphon_trap_admission_charges_transition_scan_work" time="0.001" /><testcase classname="tests.math.logic.automata.petri_nets.test_petri_nets.TestReachability" name="test_simple_reachability" time="0.001" /><testcase classname="tests.math.logic.automata.petri_nets.test_petri_nets.TestSiphonTrapAdapter" name="test_siphon_trap_check" time="0.001" /><testcase classname="tests.math.logic.automata.petri_nets.test_petri_nets.TestSiphonTrapAdapter" name="test_siphon_trap_one_way" time="0.001" /><testcase classname="tests.math.logic.automata.petri_nets.test_petri_nets.TestValidation" name="test_negative_marking_rejected" time="0.001" /><testcase classname="tests.math.logic.automata.petri_nets.test_petri_nets.TestValidation" name="test_transition_out_of_range_rejected" time="0.001" /><testcase classname="tests.math.graphs.decomposition.tree_decompositions.test_tree_decompositions.TestAdhesions" name="test_path_adhesions" time="0.001" /><testcase classname="tests.math.graphs.decomposition.tree_decompositions.test_tree_decompositions.TestReroot" name="test_rejects_labels_colliding_after_canonicalization" time="0.001" /><testcase classname="tests.math.graphs.decomposition.tree_decompositions.test_tree_decompositions" name="test_catalog_contains_only_audited_agent_outcomes" time="0.000" /><testcase classname="tests.math.graphs.decomposition.tree_decompositions.test_tree_decompositions.TestRestrict" name="test_prunes_against_the_contracted_tree" time="0.001" /><testcase classname="tests.math.graphs.decomposition.tree_decompositions.test_tree_decompositions.TestValidation" name="test_non_tree_rejected" time="0.001" /><testcase classname="tests.math.graphs.decomposition.tree_decompositions.test_tree_decompositions.TestWidth" name="test_path_width_is_one" time="0.001" /><testcase classname="tests.math.logic.games.impartial.test_public_api" name="test_exact_public_api_symbols" time="0.000" /><testcase classname="tests.math.number_theory.arithmetic.test_multiplicative_forms.TestPerfectPowerProfile" name="test_64_is_2_6" time="0.001" /><testcase classname="tests.math.number_theory.arithmetic.test_multiplicative_forms.TestPerfectPowerProfile" name="test_4096_is_2_12" time="0.001" /><testcase classname="tests.math.number_theory.arithmetic.test_multiplicative_forms.TestSquarefreeDecomposition" name="test_72" time="0.001" /><testcase classname="tests.math.number_theory.arithmetic.test_multiplicative_forms.TestSquarefreeDecomposition" name="test_distinct_from_radical" time="0.001" /><testcase classname="tests.math.number_theory.arithmetic.test_multiplicative_forms.TestSquarefreeDecomposition" name="test_perfect_square" time="0.001" /><testcase classname="tests.math.number_theory.arithmetic.test_multiplicative_forms.TestUnitHandling" name="test_squarefree_unit_1" time="0.000" /><testcase classname="tests.math.number_theory.arithmetic.test_multiplicative_forms.TestKFreeDecomposition" name="test_reconstruction" time="0.001" /><testcase classname="tests.math.number_theory.arithmetic.test_multiplicative_forms.TestKFreeDecomposition" name="test_negative_k3" time="0.001" /><testcase classname="tests.math.number_theory.arithmetic.test_multiplicative_forms.TestNormalizedQuadraticRadical" name="test_144" time="0.001" /><testcase classname="tests.math.number_theory.algebraic_numbers.test_algebraic_arithmetic" name="test_non_squarefree_radicand_rejected" time="0.001" /><testcase classname="tests.math.number_theory.algebraic_numbers.test_algebraic_arithmetic" name="test_result_remains_consumable" time="0.001" /><testcase classname="tests.math.number_theory.algebraic_numbers.test_algebraic_arithmetic" name="test_addition_admits_representable_sums_with_overflowing_products" time="0.001" /><testcase classname="tests.math.number_theory.algebraic_numbers.test_algebraic_arithmetic" name="test_multiplication_distributes_over_addition" time="0.001" /><testcase classname="tests.math.polynomials.sum_of_squares.test_sum_of_squares.TestGramCertificateAdmission" name="test_oversized_matrix_coefficient_rejected_before_eigenvalues" time="0.001" /><testcase classname="tests.math.polynomials.sum_of_squares.test_sum_of_squares.TestExactPsdCriterion" name="test_irreducible_characteristic_polynomial_is_decided" time="0.010" /><testcase classname="tests.math.polynomials.sum_of_squares.test_sum_of_squares.TestSOSTermBudgets" name="test_target_above_256_terms_rejected" time="0.005" /><testcase classname="tests.math.polynomials.sum_of_squares.test_sum_of_squares.TestSOSTermBudgets" name="test_wide_target_polynomial_is_admitted" time="0.043" /><testcase classname="tests.math.polynomials.sum_of_squares.test_sum_of_squares.TestSOSDecompositionCheck" name="test_empty_decomposition_is_the_canonical_zero_sum" time="0.001" /></testsuite></testsuites>